

Version:	3.50
CmdLine:	C:\Users\Usuario\OneDrive - Universidad Central del Ecuador\Documentos\NetBeansProjects\WalletCash\target\WalletCash.exe --l4j-debug
JNI:		No
WOW64:		Yes
Working dir:	C:\Users\Usuario\OneDrive - Universidad Central del Ecuador\Documentos\NetBeansProjects\WalletCash\target\.
Requires JDK:	No
Requires 64-Bit: No
Java min ver:	1.008.000
Java max ver:	
Substitute:	JAVA_HOME = C:\Program Files\Java\jdk-17;C:\Program Files\Java\jre-1.8;
Substitute:	PATH = C:\Program Files\Common Files\Oracle\Java\javapath;C:\Program Files (x86)\Common Files\Oracle\Java\java8path;C:\Program Files (x86)\Common Files\Oracle\Java\javapath;C:\Program Files (x86)\Common Files\Intel\Shared Libraries\redist\intel64\compiler;C:\Windows\system32;C:\Windows;C:\Windows\System32\Wbem;C:\Windows\System32\WindowsPowerShell\v1.0\;C:\Windows\System32\OpenSSH\;C:\Program Files\dotnet\;C:\Program Files\Git\cmd;C:\Program Files\Java\jdk-17;C:\Program Files\Java\jre-1.8;C:\Users\Usuario\AppData\Local\Microsoft\WindowsApps;C:\Users\Usuario\AppData\Local\Programs\Microsoft VS Code\bin;C:\Users\Usuario\AppData\Local\GitHubDesktop\bin;C:\Program Files\Java\jdk-17\bin
JRE paths:	C:\Program Files\Java\jdk-17;C:\Program Files\Java\jre-1.8;;C:\Program Files\Common Files\Oracle\Java\javapath;C:\Program Files (x86)\Common Files\Oracle\Java\java8path;C:\Program Files (x86)\Common Files\Oracle\Java\javapath;C:\Program Files (x86)\Common Files\Intel\Shared Libraries\redist\intel64\compiler;C:\Windows\system32;C:\Windows;C:\Windows\System32\Wbem;C:\Windows\System32\WindowsPowerShell\v1.0\;C:\Windows\System32\OpenSSH\;C:\Program Files\dotnet\;C:\Program Files\Git\cmd;C:\Program Files\Java\jdk-17;C:\Program Files\Java\jre-1.8;C:\Users\Usuario\AppData\Local\Microsoft\WindowsApps;C:\Users\Usuario\AppData\Local\Programs\Microsoft VS Code\bin;C:\Users\Usuario\AppData\Local\GitHubDesktop\bin;C:\Program Files\Java\jdk-17\bin
Check launcher:	C:\Program Files\Java\jdk-17\bin\javaw.exe (OK)
Version string: 1.017.000_011 / 64-Bit (OK)
Launcher:	C:\Program Files\Java\jdk-17\bin\javaw.exe
Launcher args:	-jar "C:\Users\Usuario\OneDrive - Universidad Central del Ecuador\Documentos\NetBeansProjects\WalletCash\target\WalletCash.exe"
Args length:	127/32768 chars
Exit code:	0


Version:	3.50
CmdLine:	C:\Users\Usuario\OneDrive - Universidad Central del Ecuador\Documentos\NetBeansProjects\WalletCash\target\WalletCash.exe --l4j-debug
JNI:		No
WOW64:		Yes
Working dir:	C:\Users\Usuario\OneDrive - Universidad Central del Ecuador\Documentos\NetBeansProjects\WalletCash\target\.
Requires JDK:	No
Requires 64-Bit: No
Java min ver:	1.008.000
Java max ver:	
Substitute:	JAVA_HOME = C:\Program Files\Java\jdk-17;C:\Program Files\Java\jre-1.8;
Substitute:	PATH = C:\Program Files\Common Files\Oracle\Java\javapath;C:\Program Files (x86)\Common Files\Oracle\Java\java8path;C:\Program Files (x86)\Common Files\Oracle\Java\javapath;C:\Program Files (x86)\Common Files\Intel\Shared Libraries\redist\intel64\compiler;C:\Windows\system32;C:\Windows;C:\Windows\System32\Wbem;C:\Windows\System32\WindowsPowerShell\v1.0\;C:\Windows\System32\OpenSSH\;C:\Program Files\dotnet\;C:\Program Files\Git\cmd;C:\Program Files\Java\jdk-17;C:\Program Files\Java\jre-1.8;C:\Users\Usuario\AppData\Local\Microsoft\WindowsApps;C:\Users\Usuario\AppData\Local\Programs\Microsoft VS Code\bin;C:\Users\Usuario\AppData\Local\GitHubDesktop\bin;C:\Program Files\Java\jdk-17\bin
JRE paths:	C:\Program Files\Java\jdk-17;C:\Program Files\Java\jre-1.8;;C:\Program Files\Common Files\Oracle\Java\javapath;C:\Program Files (x86)\Common Files\Oracle\Java\java8path;C:\Program Files (x86)\Common Files\Oracle\Java\javapath;C:\Program Files (x86)\Common Files\Intel\Shared Libraries\redist\intel64\compiler;C:\Windows\system32;C:\Windows;C:\Windows\System32\Wbem;C:\Windows\System32\WindowsPowerShell\v1.0\;C:\Windows\System32\OpenSSH\;C:\Program Files\dotnet\;C:\Program Files\Git\cmd;C:\Program Files\Java\jdk-17;C:\Program Files\Java\jre-1.8;C:\Users\Usuario\AppData\Local\Microsoft\WindowsApps;C:\Users\Usuario\AppData\Local\Programs\Microsoft VS Code\bin;C:\Users\Usuario\AppData\Local\GitHubDesktop\bin;C:\Program Files\Java\jdk-17\bin
Check launcher:	C:\Program Files\Java\jdk-17\bin\javaw.exe (OK)
Version string: 1.017.000_011 / 64-Bit (OK)
Launcher:	C:\Program Files\Java\jdk-17\bin\javaw.exe
Launcher args:	-jar "C:\Users\Usuario\OneDrive - Universidad Central del Ecuador\Documentos\NetBeansProjects\WalletCash\target\WalletCash.exe"
Args length:	127/32768 chars
Exit code:	0
